<?xml version="1.0" encoding="UTF-8"?>
<!-- Generated by org.testng.reporters.JUnitXMLReporter -->
<testsuite ignored="1" hostname="PG03LS9T" failures="1" tests="1" name="Test" time="1.806" errors="0" timestamp="2023-06-22T17:20:31 IST">
  <testcase classname="com.test.LoginTest" name="emptyValue" time="0.005">
    <failure type="java.lang.NullPointerException" message="Cannot invoke &amp;quot;org.openqa.selenium.SearchContext.findElement(org.openqa.selenium.By)&amp;quot; because &amp;quot;this.searchContext&amp;quot; is null">
      <![CDATA[java.lang.NullPointerException: Cannot invoke "org.openqa.selenium.SearchContext.findElement(org.openqa.selenium.By)" because "this.searchContext" is null
at org.openqa.selenium.support.pagefactory.DefaultElementLocator.findElement(DefaultElementLocator.java:69)
at org.openqa.selenium.support.pagefactory.internal.LocatingElementHandler.invoke(LocatingElementHandler.java:38)
at jdk.proxy2/jdk.proxy2.$Proxy15.click(Unknown Source)
at com.pomRepo.LoginClass.clickLoginButton(LoginClass.java:50)
at com.test.LoginTest.emptyValue(LoginTest.java:19)
at java.base/java.util.ArrayList.forEach(ArrayList.java:1511)
... Removed 27 stack frames]]>
    </failure>
  </testcase> <!-- emptyValue -->
  <testcase classname="com.test.LoginTest" name="loginAction" time="0.0">
    <ignored/>
  </testcase> <!-- loginAction -->
</testsuite> <!-- Test -->
